<?xml version="1.0" encoding="UTF-8"?>
<coverage generated="1780363147967" clover="3.2.0">
  <project timestamp="1780363147967" name="All files">
    <metrics statements="136" coveredstatements="117" conditionals="105" coveredconditionals="76" methods="37" coveredmethods="30" elements="278" coveredelements="223" complexity="0" loc="136" ncloc="136" packages="4" files="5" classes="5"/>
    <package name="src">
      <metrics statements="4" coveredstatements="4" conditionals="0" coveredconditionals="0" methods="1" coveredmethods="1"/>
      <file name="index.ts" path="/Users/kennykrosky/dev/apple-pay/src/index.ts">
        <metrics statements="0" coveredstatements="0" conditionals="0" coveredconditionals="0" methods="0" coveredmethods="0"/>
      </file>
      <file name="types.ts" path="/Users/kennykrosky/dev/apple-pay/src/types.ts">
        <metrics statements="4" coveredstatements="4" conditionals="0" coveredconditionals="0" methods="1" coveredmethods="1"/>
        <line num="68" count="10" type="stmt"/>
        <line num="69" count="10" type="stmt"/>
        <line num="70" count="10" type="stmt"/>
        <line num="71" count="10" type="stmt"/>
      </file>
    </package>
    <package name="src.components">
      <metrics statements="18" coveredstatements="18" conditionals="30" coveredconditionals="23" methods="3" coveredmethods="3"/>
      <file name="ApplePayButton.tsx" path="/Users/kennykrosky/dev/apple-pay/src/components/ApplePayButton.tsx">
        <metrics statements="18" coveredstatements="18" conditionals="30" coveredconditionals="23" methods="3" coveredmethods="3"/>
        <line num="40" count="1" type="stmt"/>
        <line num="70" count="14" type="stmt"/>
        <line num="72" count="14" type="stmt"/>
        <line num="73" count="3" type="stmt"/>
        <line num="74" count="3" type="stmt"/>
        <line num="75" count="1" type="stmt"/>
        <line num="76" count="1" type="stmt"/>
        <line num="78" count="2" type="stmt"/>
        <line num="79" count="2" type="cond" truecount="2" falsecount="0"/>
        <line num="80" count="1" type="stmt"/>
        <line num="85" count="14" type="cond" truecount="4" falsecount="0"/>
        <line num="88" count="9" type="cond" truecount="1" falsecount="1"/>
        <line num="93" count="9" type="cond" truecount="1" falsecount="1"/>
        <line num="94" count="9" type="cond" truecount="1" falsecount="1"/>
        <line num="96" count="9" type="stmt"/>
        <line num="120" count="1" type="stmt"/>
        <line num="126" count="9" type="stmt"/>
        <line num="133" count="1" type="stmt"/>
      </file>
    </package>
    <package name="src.context">
      <metrics statements="66" coveredstatements="54" conditionals="26" coveredconditionals="18" methods="19" coveredmethods="14"/>
      <file name="ApplePayContext.tsx" path="/Users/kennykrosky/dev/apple-pay/src/context/ApplePayContext.tsx">
        <metrics statements="66" coveredstatements="54" conditionals="26" coveredconditionals="18" methods="19" coveredmethods="14"/>
        <line num="28" count="2" type="stmt"/>
        <line num="29" count="2" type="stmt"/>
        <line num="49" count="2" type="stmt"/>
        <line num="77" count="24" type="stmt"/>
        <line num="78" count="24" type="stmt"/>
        <line num="79" count="24" type="stmt"/>
        <line num="81" count="24" type="cond" truecount="2" falsecount="0"/>
        <line num="82" count="24" type="stmt"/>
        <line num="85" count="24" type="stmt"/>
        <line num="86" count="8" type="stmt"/>
        <line num="87" count="8" type="cond" truecount="2" falsecount="0"/>
        <line num="89" count="8" type="stmt"/>
        <line num="90" count="8" type="stmt"/>
        <line num="91" count="8" type="stmt"/>
        <line num="92" count="6" type="cond" truecount="1" falsecount="1"/>
        <line num="94" count="1" type="cond" truecount="1" falsecount="1"/>
        <line num="96" count="7" type="cond" truecount="1" falsecount="1"/>
        <line num="99" count="8" type="stmt"/>
        <line num="100" count="8" type="stmt"/>
        <line num="106" count="24" type="stmt"/>
        <line num="107" count="8" type="cond" truecount="1" falsecount="1"/>
        <line num="108" count="8" type="stmt"/>
        <line num="113" count="1" type="stmt"/>
        <line num="114" count="1" type="stmt"/>
        <line num="115" count="1" type="stmt"/>
        <line num="121" count="0" type="cond" truecount="0" falsecount="2"/>
        <line num="122" count="0" type="stmt"/>
        <line num="130" count="0" type="stmt"/>
        <line num="131" count="0" type="stmt"/>
        <line num="132" count="0" type="stmt"/>
        <line num="134" count="0" type="stmt"/>
        <line num="142" count="8" type="stmt"/>
        <line num="143" count="8" type="cond" truecount="2" falsecount="0"/>
        <line num="147" count="24" type="stmt"/>
        <line num="148" count="12" type="cond" truecount="2" falsecount="0"/>
        <line num="149" count="2" type="stmt"/>
        <line num="150" count="2" type="stmt"/>
        <line num="155" count="24" type="stmt"/>
        <line num="157" count="24" type="stmt"/>
        <line num="162" count="4" type="stmt"/>
        <line num="163" count="4" type="stmt"/>
        <line num="164" count="4" type="stmt"/>
        <line num="165" count="2" type="stmt"/>
        <line num="166" count="2" type="stmt"/>
        <line num="167" count="0" type="stmt"/>
        <line num="170" count="0" type="stmt"/>
        <line num="172" count="2" type="stmt"/>
        <line num="174" count="2" type="stmt"/>
        <line num="175" count="2" type="stmt"/>
        <line num="182" count="24" type="stmt"/>
        <line num="184" count="2" type="stmt"/>
        <line num="185" count="2" type="stmt"/>
        <line num="186" count="2" type="stmt"/>
        <line num="188" count="2" type="stmt"/>
        <line num="194" count="24" type="stmt"/>
        <line num="195" count="0" type="stmt"/>
        <line num="196" count="0" type="stmt"/>
        <line num="197" count="0" type="stmt"/>
        <line num="199" count="0" type="stmt"/>
        <line num="203" count="24" type="stmt"/>
        <line num="204" count="23" type="stmt"/>
        <line num="208" count="24" type="stmt"/>
        <line num="219" count="27" type="stmt"/>
        <line num="220" count="26" type="cond" truecount="2" falsecount="0"/>
        <line num="221" count="2" type="stmt"/>
        <line num="223" count="24" type="stmt"/>
      </file>
    </package>
    <package name="src.native">
      <metrics statements="48" coveredstatements="41" conditionals="49" coveredconditionals="35" methods="14" coveredmethods="12"/>
      <file name="ApplePayModule.ts" path="/Users/kennykrosky/dev/apple-pay/src/native/ApplePayModule.ts">
        <metrics statements="48" coveredstatements="41" conditionals="49" coveredconditionals="35" methods="14" coveredmethods="12"/>
        <line num="27" count="45" type="stmt"/>
        <line num="30" count="3" type="stmt"/>
        <line num="31" count="3" type="stmt"/>
        <line num="32" count="3" type="stmt"/>
        <line num="35" count="12" type="cond" truecount="2" falsecount="0"/>
        <line num="36" count="1" type="stmt"/>
        <line num="41" count="11" type="cond" truecount="1" falsecount="1"/>
        <line num="42" count="0" type="stmt"/>
        <line num="50" count="13" type="cond" truecount="2" falsecount="0"/>
        <line num="51" count="1" type="stmt"/>
        <line num="54" count="1" type="stmt"/>
        <line num="56" count="12" type="cond" truecount="1" falsecount="1"/>
        <line num="57" count="0" type="stmt"/>
        <line num="62" count="12" type="stmt"/>
        <line num="66" count="11" type="cond" truecount="4" falsecount="0"/>
        <line num="67" count="2" type="stmt"/>
        <line num="72" count="9" type="stmt"/>
        <line num="73" count="9" type="cond" truecount="4" falsecount="1"/>
        <line num="74" count="0" type="stmt"/>
        <line num="79" count="9" type="cond" truecount="4" falsecount="0"/>
        <line num="80" count="2" type="stmt"/>
        <line num="89" count="19" type="stmt"/>
        <line num="90" count="4" type="stmt"/>
        <line num="94" count="4" type="cond" truecount="1" falsecount="2"/>
        <line num="95" count="4" type="cond" truecount="2" falsecount="0"/>
        <line num="96" count="3" type="stmt"/>
        <line num="98" count="1" type="stmt"/>
        <line num="104" count="2" type="cond" truecount="2" falsecount="0"/>
        <line num="105" count="1" type="stmt"/>
        <line num="112" count="9" type="cond" truecount="1" falsecount="1"/>
        <line num="113" count="9" type="stmt"/>
        <line num="121" count="10" type="stmt"/>
        <line num="122" count="9" type="stmt"/>
        <line num="124" count="6" type="stmt"/>
        <line num="138" count="2" type="stmt"/>
        <line num="139" count="2" type="stmt"/>
        <line num="144" count="0" type="cond" truecount="0" falsecount="2"/>
        <line num="145" count="0" type="stmt"/>
        <line num="156" count="2" type="cond" truecount="1" falsecount="1"/>
        <line num="157" count="2" type="stmt"/>
        <line num="158" count="1" type="stmt"/>
        <line num="167" count="0" type="cond" truecount="0" falsecount="2"/>
        <line num="168" count="0" type="stmt"/>
        <line num="177" count="3" type="cond" truecount="1" falsecount="1"/>
        <line num="178" count="3" type="stmt"/>
        <line num="179" count="3" type="stmt"/>
        <line num="185" count="3" type="stmt"/>
        <line num="189" count="3" type="stmt"/>
      </file>
    </package>
  </project>
</coverage>
