{"/Users/kennykrosky/dev/apple-pay/src/index.ts": {"path":"/Users/kennykrosky/dev/apple-pay/src/index.ts","statementMap":{},"fnMap":{},"branchMap":{},"s":{},"f":{},"b":{}}
,"/Users/kennykrosky/dev/apple-pay/src/types.ts": {"path":"/Users/kennykrosky/dev/apple-pay/src/types.ts","statementMap":{"0":{"start":{"line":68,"column":4},"end":{"line":68,"column":19}},"1":{"start":{"line":69,"column":4},"end":{"line":69,"column":32}},"2":{"start":{"line":70,"column":4},"end":{"line":70,"column":21}},"3":{"start":{"line":71,"column":4},"end":{"line":71,"column":35}}},"fnMap":{"0":{"name":"(anonymous_0)","decl":{"start":{"line":63,"column":2},"end":{"line":63,"column":3}},"loc":{"start":{"line":67,"column":4},"end":{"line":72,"column":3}},"line":67}},"branchMap":{},"s":{"0":10,"1":10,"2":10,"3":10},"f":{"0":10},"b":{},"_coverageSchema":"1a1c01bbd47fc00a2c39e90264f33305004495a9","hash":"5f8f3e297c3f2d0945c20a3d4712f4ac44d68968"}
,"/Users/kennykrosky/dev/apple-pay/src/components/ApplePayButton.tsx": {"path":"/Users/kennykrosky/dev/apple-pay/src/components/ApplePayButton.tsx","statementMap":{"0":{"start":{"line":40,"column":58},"end":{"line":57,"column":1}},"1":{"start":{"line":70,"column":66},"end":{"line":70,"column":79}},"2":{"start":{"line":72,"column":22},"end":{"line":83,"column":65}},"3":{"start":{"line":73,"column":4},"end":{"line":82,"column":5}},"4":{"start":{"line":74,"column":21},"end":{"line":74,"column":54}},"5":{"start":{"line":75,"column":22},"end":{"line":75,"column":45}},"6":{"start":{"line":76,"column":6},"end":{"line":76,"column":30}},"7":{"start":{"line":78,"column":20},"end":{"line":78,"column":52}},"8":{"start":{"line":79,"column":6},"end":{"line":81,"column":7}},"9":{"start":{"line":80,"column":8},"end":{"line":80,"column":25}},"10":{"start":{"line":85,"column":2},"end":{"line":85,"column":45}},"11":{"start":{"line":85,"column":33},"end":{"line":85,"column":45}},"12":{"start":{"line":88,"column":4},"end":{"line":92,"column":16}},"13":{"start":{"line":93,"column":20},"end":{"line":93,"column":61}},"14":{"start":{"line":94,"column":22},"end":{"line":94,"column":77}},"15":{"start":{"line":96,"column":2},"end":{"line":117,"column":4}},"16":{"start":{"line":120,"column":30},"end":{"line":120,"column":54}},"17":{"start":{"line":126,"column":2},"end":{"line":130,"column":4}},"18":{"start":{"line":133,"column":15},"end":{"line":150,"column":2}}},"fnMap":{"0":{"name":"ApplePayButtonImpl","decl":{"start":{"line":59,"column":9},"end":{"line":59,"column":27}},"loc":{"start":{"line":69,"column":24},"end":{"line":118,"column":1}},"line":69},"1":{"name":"(anonymous_1)","decl":{"start":{"line":72,"column":34},"end":{"line":72,"column":35}},"loc":{"start":{"line":72,"column":46},"end":{"line":83,"column":3}},"line":72},"2":{"name":"dynamicStyle","decl":{"start":{"line":122,"column":9},"end":{"line":122,"column":21}},"loc":{"start":{"line":125,"column":13},"end":{"line":131,"column":1}},"line":125}},"branchMap":{"0":{"loc":{"start":{"line":64,"column":2},"end":{"line":64,"column":23}},"type":"default-arg","locations":[{"start":{"line":64,"column":16},"end":{"line":64,"column":23}}],"line":64},"1":{"loc":{"start":{"line":65,"column":2},"end":{"line":65,"column":22}},"type":"default-arg","locations":[{"start":{"line":65,"column":15},"end":{"line":65,"column":22}}],"line":65},"2":{"loc":{"start":{"line":67,"column":2},"end":{"line":67,"column":18}},"type":"default-arg","locations":[{"start":{"line":67,"column":13},"end":{"line":67,"column":18}}],"line":67},"3":{"loc":{"start":{"line":79,"column":6},"end":{"line":81,"column":7}},"type":"if","locations":[{"start":{"line":79,"column":6},"end":{"line":81,"column":7}},{"start":{},"end":{}}],"line":79},"4":{"loc":{"start":{"line":85,"column":2},"end":{"line":85,"column":45}},"type":"if","locations":[{"start":{"line":85,"column":2},"end":{"line":85,"column":45}},{"start":{},"end":{}}],"line":85},"5":{"loc":{"start":{"line":85,"column":6},"end":{"line":85,"column":31}},"type":"binary-expr","locations":[{"start":{"line":85,"column":6},"end":{"line":85,"column":15}},{"start":{"line":85,"column":19},"end":{"line":85,"column":31}}],"line":85},"6":{"loc":{"start":{"line":88,"column":4},"end":{"line":92,"column":16}},"type":"cond-expr","locations":[{"start":{"line":89,"column":8},"end":{"line":89,"column":14}},{"start":{"line":90,"column":8},"end":{"line":92,"column":16}}],"line":88},"7":{"loc":{"start":{"line":90,"column":8},"end":{"line":92,"column":16}},"type":"cond-expr","locations":[{"start":{"line":91,"column":10},"end":{"line":91,"column":16}},{"start":{"line":92,"column":10},"end":{"line":92,"column":16}}],"line":90},"8":{"loc":{"start":{"line":93,"column":20},"end":{"line":93,"column":61}},"type":"cond-expr","locations":[{"start":{"line":93,"column":46},"end":{"line":93,"column":52}},{"start":{"line":93,"column":55},"end":{"line":93,"column":61}}],"line":93},"9":{"loc":{"start":{"line":94,"column":22},"end":{"line":94,"column":77}},"type":"cond-expr","locations":[{"start":{"line":94,"column":55},"end":{"line":94,"column":61}},{"start":{"line":94,"column":64},"end":{"line":94,"column":77}}],"line":94},"10":{"loc":{"start":{"line":98,"column":14},"end":{"line":98,"column":42}},"type":"binary-expr","locations":[{"start":{"line":98,"column":14},"end":{"line":98,"column":20}},{"start":{"line":98,"column":24},"end":{"line":98,"column":42}}],"line":98},"11":{"loc":{"start":{"line":100,"column":16},"end":{"line":100,"column":40}},"type":"binary-expr","locations":[{"start":{"line":100,"column":16},"end":{"line":100,"column":24}},{"start":{"line":100,"column":28},"end":{"line":100,"column":40}}],"line":100},"12":{"loc":{"start":{"line":105,"column":8},"end":{"line":105,"column":53}},"type":"binary-expr","locations":[{"start":{"line":105,"column":9},"end":{"line":105,"column":17}},{"start":{"line":105,"column":21},"end":{"line":105,"column":33}},{"start":{"line":105,"column":38},"end":{"line":105,"column":53}}],"line":105},"13":{"loc":{"start":{"line":109,"column":7},"end":{"line":115,"column":7}},"type":"cond-expr","locations":[{"start":{"line":110,"column":8},"end":{"line":110,"column":47}},{"start":{"line":112,"column":8},"end":{"line":114,"column":15}}],"line":109},"14":{"loc":{"start":{"line":113,"column":11},"end":{"line":113,"column":46}},"type":"binary-expr","locations":[{"start":{"line":113,"column":11},"end":{"line":113,"column":36}},{"start":{"line":113,"column":40},"end":{"line":113,"column":46}}],"line":113},"15":{"loc":{"start":{"line":129,"column":17},"end":{"line":129,"column":54}},"type":"cond-expr","locations":[{"start":{"line":129,"column":49},"end":{"line":129,"column":50}},{"start":{"line":129,"column":53},"end":{"line":129,"column":54}}],"line":129}},"s":{"0":1,"1":14,"2":14,"3":3,"4":3,"5":1,"6":1,"7":2,"8":2,"9":1,"10":14,"11":5,"12":9,"13":9,"14":9,"15":9,"16":1,"17":9,"18":1},"f":{"0":14,"1":3,"2":9},"b":{"0":[14],"1":[14],"2":[14],"3":[1,1],"4":[5,9],"5":[14,10],"6":[9,0],"7":[0,0],"8":[9,0],"9":[0,9],"10":[9,9],"11":[9,9],"12":[9,9,3],"13":[3,6],"14":[6,0],"15":[9,0]},"_coverageSchema":"1a1c01bbd47fc00a2c39e90264f33305004495a9","hash":"f60212bf8c04946496983614fd55cd2f9d4d017b"}
,"/Users/kennykrosky/dev/apple-pay/src/context/ApplePayContext.tsx": {"path":"/Users/kennykrosky/dev/apple-pay/src/context/ApplePayContext.tsx","statementMap":{"0":{"start":{"line":28,"column":25},"end":{"line":28,"column":64}},"1":{"start":{"line":29,"column":31},"end":{"line":29,"column":37}},"2":{"start":{"line":49,"column":24},"end":{"line":49,"column":72}},"3":{"start":{"line":77,"column":40},"end":{"line":77,"column":55}},"4":{"start":{"line":78,"column":36},"end":{"line":78,"column":50}},"5":{"start":{"line":79,"column":42},"end":{"line":79,"column":57}},"6":{"start":{"line":81,"column":22},"end":{"line":81,"column":78}},"7":{"start":{"line":82,"column":22},"end":{"line":82,"column":72}},"8":{"start":{"line":85,"column":2},"end":{"line":103,"column":20}},"9":{"start":{"line":86,"column":18},"end":{"line":86,"column":22}},"10":{"start":{"line":87,"column":21},"end":{"line":88,"column":74}},"11":{"start":{"line":89,"column":4},"end":{"line":98,"column":9}},"12":{"start":{"line":90,"column":6},"end":{"line":97,"column":7}},"13":{"start":{"line":91,"column":26},"end":{"line":91,"column":70}},"14":{"start":{"line":92,"column":8},"end":{"line":92,"column":47}},"15":{"start":{"line":92,"column":21},"end":{"line":92,"column":47}},"16":{"start":{"line":94,"column":8},"end":{"line":94,"column":43}},"17":{"start":{"line":94,"column":21},"end":{"line":94,"column":43}},"18":{"start":{"line":96,"column":8},"end":{"line":96,"column":41}},"19":{"start":{"line":96,"column":21},"end":{"line":96,"column":41}},"20":{"start":{"line":99,"column":4},"end":{"line":101,"column":6}},"21":{"start":{"line":100,"column":6},"end":{"line":100,"column":22}},"22":{"start":{"line":106,"column":2},"end":{"line":145,"column":56}},"23":{"start":{"line":107,"column":4},"end":{"line":107,"column":42}},"24":{"start":{"line":107,"column":25},"end":{"line":107,"column":42}},"25":{"start":{"line":108,"column":17},"end":{"line":140,"column":21}},"26":{"start":{"line":113,"column":12},"end":{"line":123,"column":13}},"27":{"start":{"line":114,"column":29},"end":{"line":114,"column":67}},"28":{"start":{"line":115,"column":14},"end":{"line":118,"column":16}},"29":{"start":{"line":121,"column":16},"end":{"line":121,"column":70}},"30":{"start":{"line":122,"column":14},"end":{"line":122,"column":76}},"31":{"start":{"line":130,"column":12},"end":{"line":137,"column":13}},"32":{"start":{"line":131,"column":29},"end":{"line":131,"column":65}},"33":{"start":{"line":132,"column":14},"end":{"line":132,"column":60}},"34":{"start":{"line":134,"column":14},"end":{"line":136,"column":32}},"35":{"start":{"line":142,"column":4},"end":{"line":144,"column":6}},"36":{"start":{"line":143,"column":6},"end":{"line":143,"column":49}},"37":{"start":{"line":143,"column":28},"end":{"line":143,"column":47}},"38":{"start":{"line":147,"column":24},"end":{"line":152,"column":8}},"39":{"start":{"line":148,"column":4},"end":{"line":151,"column":5}},"40":{"start":{"line":149,"column":6},"end":{"line":149,"column":40}},"41":{"start":{"line":150,"column":6},"end":{"line":150,"column":33}},"42":{"start":{"line":155,"column":2},"end":{"line":155,"column":50}},"43":{"start":{"line":155,"column":18},"end":{"line":155,"column":31}},"44":{"start":{"line":157,"column":14},"end":{"line":180,"column":3}},"45":{"start":{"line":162,"column":6},"end":{"line":162,"column":28}},"46":{"start":{"line":163,"column":6},"end":{"line":176,"column":7}},"47":{"start":{"line":164,"column":23},"end":{"line":164,"column":79}},"48":{"start":{"line":165,"column":8},"end":{"line":165,"column":24}},"49":{"start":{"line":166,"column":8},"end":{"line":171,"column":35}},"50":{"start":{"line":167,"column":10},"end":{"line":169,"column":12}},"51":{"start":{"line":170,"column":10},"end":{"line":170,"column":33}},"52":{"start":{"line":172,"column":8},"end":{"line":172,"column":22}},"53":{"start":{"line":174,"column":8},"end":{"line":174,"column":31}},"54":{"start":{"line":175,"column":8},"end":{"line":175,"column":18}},"55":{"start":{"line":182,"column":19},"end":{"line":192,"column":3}},"56":{"start":{"line":184,"column":6},"end":{"line":184,"column":22}},"57":{"start":{"line":185,"column":6},"end":{"line":189,"column":7}},"58":{"start":{"line":186,"column":8},"end":{"line":186,"column":39}},"59":{"start":{"line":188,"column":8},"end":{"line":188,"column":31}},"60":{"start":{"line":194,"column":18},"end":{"line":201,"column":21}},"61":{"start":{"line":195,"column":4},"end":{"line":195,"column":20}},"62":{"start":{"line":196,"column":4},"end":{"line":200,"column":5}},"63":{"start":{"line":197,"column":6},"end":{"line":197,"column":29}},"64":{"start":{"line":199,"column":6},"end":{"line":199,"column":29}},"65":{"start":{"line":203,"column":16},"end":{"line":206,"column":3}},"66":{"start":{"line":204,"column":11},"end":{"line":204,"column":75}},"67":{"start":{"line":208,"column":2},"end":{"line":212,"column":4}},"68":{"start":{"line":219,"column":14},"end":{"line":219,"column":41}},"69":{"start":{"line":220,"column":2},"end":{"line":222,"column":3}},"70":{"start":{"line":221,"column":4},"end":{"line":221,"column":79}},"71":{"start":{"line":223,"column":2},"end":{"line":223,"column":13}}},"fnMap":{"0":{"name":"ApplePayProvider","decl":{"start":{"line":71,"column":16},"end":{"line":71,"column":32}},"loc":{"start":{"line":76,"column":26},"end":{"line":213,"column":1}},"line":76},"1":{"name":"(anonymous_1)","decl":{"start":{"line":85,"column":12},"end":{"line":85,"column":13}},"loc":{"start":{"line":85,"column":18},"end":{"line":103,"column":3}},"line":85},"2":{"name":"(anonymous_2)","decl":{"start":{"line":89,"column":5},"end":{"line":89,"column":6}},"loc":{"start":{"line":89,"column":17},"end":{"line":98,"column":5}},"line":89},"3":{"name":"(anonymous_3)","decl":{"start":{"line":99,"column":11},"end":{"line":99,"column":12}},"loc":{"start":{"line":99,"column":17},"end":{"line":101,"column":5}},"line":99},"4":{"name":"(anonymous_4)","decl":{"start":{"line":106,"column":12},"end":{"line":106,"column":13}},"loc":{"start":{"line":106,"column":18},"end":{"line":145,"column":3}},"line":106},"5":{"name":"(anonymous_5)","decl":{"start":{"line":112,"column":10},"end":{"line":112,"column":11}},"loc":{"start":{"line":112,"column":46},"end":{"line":124,"column":11}},"line":112},"6":{"name":"(anonymous_6)","decl":{"start":{"line":122,"column":66},"end":{"line":122,"column":67}},"loc":{"start":{"line":122,"column":72},"end":{"line":122,"column":74}},"line":122},"7":{"name":"(anonymous_7)","decl":{"start":{"line":129,"column":10},"end":{"line":129,"column":11}},"loc":{"start":{"line":129,"column":44},"end":{"line":138,"column":11}},"line":129},"8":{"name":"(anonymous_8)","decl":{"start":{"line":136,"column":22},"end":{"line":136,"column":23}},"loc":{"start":{"line":136,"column":28},"end":{"line":136,"column":30}},"line":136},"9":{"name":"(anonymous_9)","decl":{"start":{"line":142,"column":11},"end":{"line":142,"column":12}},"loc":{"start":{"line":142,"column":17},"end":{"line":144,"column":5}},"line":142},"10":{"name":"(anonymous_10)","decl":{"start":{"line":143,"column":19},"end":{"line":143,"column":20}},"loc":{"start":{"line":143,"column":28},"end":{"line":143,"column":47}},"line":143},"11":{"name":"(anonymous_11)","decl":{"start":{"line":147,"column":36},"end":{"line":147,"column":37}},"loc":{"start":{"line":147,"column":42},"end":{"line":152,"column":3}},"line":147},"12":{"name":"(anonymous_12)","decl":{"start":{"line":155,"column":12},"end":{"line":155,"column":13}},"loc":{"start":{"line":155,"column":18},"end":{"line":155,"column":31}},"line":155},"13":{"name":"(anonymous_13)","decl":{"start":{"line":158,"column":4},"end":{"line":158,"column":5}},"loc":{"start":{"line":161,"column":33},"end":{"line":178,"column":5}},"line":161},"14":{"name":"(anonymous_14)","decl":{"start":{"line":166,"column":41},"end":{"line":166,"column":42}},"loc":{"start":{"line":166,"column":47},"end":{"line":171,"column":9}},"line":166},"15":{"name":"(anonymous_15)","decl":{"start":{"line":183,"column":4},"end":{"line":183,"column":5}},"loc":{"start":{"line":183,"column":32},"end":{"line":190,"column":5}},"line":183},"16":{"name":"(anonymous_16)","decl":{"start":{"line":194,"column":30},"end":{"line":194,"column":31}},"loc":{"start":{"line":194,"column":42},"end":{"line":201,"column":3}},"line":194},"17":{"name":"(anonymous_17)","decl":{"start":{"line":204,"column":4},"end":{"line":204,"column":5}},"loc":{"start":{"line":204,"column":11},"end":{"line":204,"column":75}},"line":204},"18":{"name":"useApplePay","decl":{"start":{"line":218,"column":16},"end":{"line":218,"column":27}},"loc":{"start":{"line":218,"column":52},"end":{"line":224,"column":1}},"line":218}},"branchMap":{"0":{"loc":{"start":{"line":81,"column":23},"end":{"line":81,"column":67}},"type":"binary-expr","locations":[{"start":{"line":81,"column":23},"end":{"line":81,"column":47}},{"start":{"line":81,"column":51},"end":{"line":81,"column":67}}],"line":81},"1":{"loc":{"start":{"line":87,"column":22},"end":{"line":88,"column":34}},"type":"binary-expr","locations":[{"start":{"line":87,"column":22},"end":{"line":87,"column":46}},{"start":{"line":88,"column":6},"end":{"line":88,"column":34}}],"line":87},"2":{"loc":{"start":{"line":92,"column":8},"end":{"line":92,"column":47}},"type":"if","locations":[{"start":{"line":92,"column":8},"end":{"line":92,"column":47}},{"start":{},"end":{}}],"line":92},"3":{"loc":{"start":{"line":94,"column":8},"end":{"line":94,"column":43}},"type":"if","locations":[{"start":{"line":94,"column":8},"end":{"line":94,"column":43}},{"start":{},"end":{}}],"line":94},"4":{"loc":{"start":{"line":96,"column":8},"end":{"line":96,"column":41}},"type":"if","locations":[{"start":{"line":96,"column":8},"end":{"line":96,"column":41}},{"start":{},"end":{}}],"line":96},"5":{"loc":{"start":{"line":107,"column":4},"end":{"line":107,"column":42}},"type":"if","locations":[{"start":{"line":107,"column":4},"end":{"line":107,"column":42}},{"start":{},"end":{}}],"line":107},"6":{"loc":{"start":{"line":109,"column":6},"end":{"line":125,"column":9}},"type":"binary-expr","locations":[{"start":{"line":109,"column":6},"end":{"line":109,"column":29}},{"start":{"line":110,"column":8},"end":{"line":125,"column":9}}],"line":109},"7":{"loc":{"start":{"line":117,"column":16},"end":{"line":117,"column":44}},"type":"binary-expr","locations":[{"start":{"line":117,"column":16},"end":{"line":117,"column":38}},{"start":{"line":117,"column":42},"end":{"line":117,"column":44}}],"line":117},"8":{"loc":{"start":{"line":121,"column":16},"end":{"line":121,"column":70}},"type":"cond-expr","locations":[{"start":{"line":121,"column":39},"end":{"line":121,"column":50}},{"start":{"line":121,"column":53},"end":{"line":121,"column":70}}],"line":121},"9":{"loc":{"start":{"line":126,"column":6},"end":{"line":139,"column":9}},"type":"binary-expr","locations":[{"start":{"line":126,"column":6},"end":{"line":126,"column":28}},{"start":{"line":127,"column":8},"end":{"line":139,"column":9}}],"line":126},"10":{"loc":{"start":{"line":143,"column":28},"end":{"line":143,"column":47}},"type":"binary-expr","locations":[{"start":{"line":143,"column":28},"end":{"line":143,"column":31}},{"start":{"line":143,"column":35},"end":{"line":143,"column":47}}],"line":143},"11":{"loc":{"start":{"line":148,"column":4},"end":{"line":151,"column":5}},"type":"if","locations":[{"start":{"line":148,"column":4},"end":{"line":151,"column":5}},{"start":{},"end":{}}],"line":148},"12":{"loc":{"start":{"line":220,"column":2},"end":{"line":222,"column":3}},"type":"if","locations":[{"start":{"line":220,"column":2},"end":{"line":222,"column":3}},{"start":{},"end":{}}],"line":220}},"s":{"0":2,"1":2,"2":2,"3":24,"4":24,"5":24,"6":24,"7":24,"8":24,"9":8,"10":8,"11":8,"12":8,"13":8,"14":6,"15":6,"16":1,"17":1,"18":7,"19":7,"20":8,"21":8,"22":24,"23":8,"24":0,"25":8,"26":1,"27":1,"28":1,"29":0,"30":0,"31":0,"32":0,"33":0,"34":0,"35":8,"36":8,"37":1,"38":24,"39":12,"40":2,"41":2,"42":24,"43":8,"44":24,"45":4,"46":4,"47":4,"48":2,"49":2,"50":0,"51":0,"52":2,"53":2,"54":2,"55":24,"56":2,"57":2,"58":2,"59":2,"60":24,"61":0,"62":0,"63":0,"64":0,"65":24,"66":23,"67":24,"68":27,"69":26,"70":2,"71":24},"f":{"0":24,"1":8,"2":8,"3":8,"4":8,"5":1,"6":0,"7":0,"8":0,"9":8,"10":1,"11":12,"12":8,"13":4,"14":0,"15":2,"16":0,"17":23,"18":27},"b":{"0":[24,24],"1":[8,8],"2":[6,0],"3":[1,0],"4":[7,0],"5":[0,8],"6":[8,1],"7":[1,0],"8":[0,0],"9":[8,0],"10":[1,1],"11":[2,10],"12":[2,24]},"_coverageSchema":"1a1c01bbd47fc00a2c39e90264f33305004495a9","hash":"f8c5aa8c56a71a895e8389333ffa9f9b9d2a01b0"}
,"/Users/kennykrosky/dev/apple-pay/src/native/ApplePayModule.ts": {"path":"/Users/kennykrosky/dev/apple-pay/src/native/ApplePayModule.ts","statementMap":{"0":{"start":{"line":27,"column":2},"end":{"line":27,"column":66}},"1":{"start":{"line":30,"column":43},"end":{"line":30,"column":73}},"2":{"start":{"line":31,"column":29},"end":{"line":31,"column":45}},"3":{"start":{"line":32,"column":23},"end":{"line":32,"column":42}},"4":{"start":{"line":35,"column":2},"end":{"line":40,"column":3}},"5":{"start":{"line":36,"column":4},"end":{"line":39,"column":6}},"6":{"start":{"line":41,"column":2},"end":{"line":46,"column":3}},"7":{"start":{"line":42,"column":4},"end":{"line":45,"column":6}},"8":{"start":{"line":50,"column":2},"end":{"line":55,"column":3}},"9":{"start":{"line":51,"column":4},"end":{"line":53,"column":6}},"10":{"start":{"line":54,"column":4},"end":{"line":54,"column":17}},"11":{"start":{"line":56,"column":2},"end":{"line":61,"column":3}},"12":{"start":{"line":57,"column":4},"end":{"line":60,"column":6}},"13":{"start":{"line":62,"column":2},"end":{"line":62,"column":14}},"14":{"start":{"line":66,"column":2},"end":{"line":71,"column":3}},"15":{"start":{"line":67,"column":4},"end":{"line":70,"column":6}},"16":{"start":{"line":72,"column":2},"end":{"line":85,"column":3}},"17":{"start":{"line":73,"column":4},"end":{"line":78,"column":5}},"18":{"start":{"line":74,"column":6},"end":{"line":77,"column":8}},"19":{"start":{"line":79,"column":4},"end":{"line":84,"column":5}},"20":{"start":{"line":80,"column":6},"end":{"line":83,"column":8}},"21":{"start":{"line":89,"column":2},"end":{"line":99,"column":5}},"22":{"start":{"line":90,"column":17},"end":{"line":92,"column":17}},"23":{"start":{"line":94,"column":6},"end":{"line":94,"column":71}},"24":{"start":{"line":95,"column":4},"end":{"line":97,"column":5}},"25":{"start":{"line":96,"column":6},"end":{"line":96,"column":50}},"26":{"start":{"line":98,"column":4},"end":{"line":98,"column":14}},"27":{"start":{"line":104,"column":2},"end":{"line":104,"column":53}},"28":{"start":{"line":104,"column":40},"end":{"line":104,"column":53}},"29":{"start":{"line":105,"column":2},"end":{"line":105,"column":52}},"30":{"start":{"line":112,"column":2},"end":{"line":112,"column":65}},"31":{"start":{"line":112,"column":52},"end":{"line":112,"column":65}},"32":{"start":{"line":113,"column":2},"end":{"line":113,"column":72}},"33":{"start":{"line":121,"column":2},"end":{"line":121,"column":37}},"34":{"start":{"line":122,"column":2},"end":{"line":122,"column":31}},"35":{"start":{"line":124,"column":2},"end":{"line":133,"column":4}},"36":{"start":{"line":138,"column":2},"end":{"line":138,"column":38}},"37":{"start":{"line":139,"column":2},"end":{"line":139,"column":59}},"38":{"start":{"line":144,"column":2},"end":{"line":144,"column":46}},"39":{"start":{"line":144,"column":39},"end":{"line":144,"column":46}},"40":{"start":{"line":145,"column":2},"end":{"line":145,"column":51}},"41":{"start":{"line":156,"column":2},"end":{"line":156,"column":53}},"42":{"start":{"line":156,"column":46},"end":{"line":156,"column":53}},"43":{"start":{"line":157,"column":2},"end":{"line":157,"column":23}},"44":{"start":{"line":158,"column":2},"end":{"line":160,"column":4}},"45":{"start":{"line":167,"column":2},"end":{"line":167,"column":62}},"46":{"start":{"line":167,"column":55},"end":{"line":167,"column":62}},"47":{"start":{"line":168,"column":2},"end":{"line":170,"column":4}},"48":{"start":{"line":177,"column":2},"end":{"line":177,"column":60}},"49":{"start":{"line":177,"column":37},"end":{"line":177,"column":60}},"50":{"start":{"line":178,"column":17},"end":{"line":178,"column":28}},"51":{"start":{"line":179,"column":2},"end":{"line":184,"column":13}},"52":{"start":{"line":185,"column":2},"end":{"line":185,"column":25}},"53":{"start":{"line":189,"column":30},"end":{"line":189,"column":49}}},"fnMap":{"0":{"name":"getNative","decl":{"start":{"line":26,"column":9},"end":{"line":26,"column":18}},"loc":{"start":{"line":26,"column":47},"end":{"line":28,"column":1}},"line":26},"1":{"name":"assertIOSOrThrow","decl":{"start":{"line":34,"column":9},"end":{"line":34,"column":25}},"loc":{"start":{"line":34,"column":48},"end":{"line":47,"column":1}},"line":34},"2":{"name":"softGuardIOS","decl":{"start":{"line":49,"column":9},"end":{"line":49,"column":21}},"loc":{"start":{"line":49,"column":47},"end":{"line":63,"column":1}},"line":49},"3":{"name":"validateItems","decl":{"start":{"line":65,"column":9},"end":{"line":65,"column":22}},"loc":{"start":{"line":65,"column":51},"end":{"line":86,"column":1}},"line":65},"4":{"name":"wrapNative","decl":{"start":{"line":88,"column":9},"end":{"line":88,"column":19}},"loc":{"start":{"line":88,"column":56},"end":{"line":100,"column":1}},"line":88},"5":{"name":"(anonymous_5)","decl":{"start":{"line":89,"column":23},"end":{"line":89,"column":24}},"loc":{"start":{"line":89,"column":77},"end":{"line":99,"column":3}},"line":89},"6":{"name":"canMakePayments","decl":{"start":{"line":103,"column":22},"end":{"line":103,"column":37}},"loc":{"start":{"line":103,"column":58},"end":{"line":106,"column":1}},"line":103},"7":{"name":"canMakePaymentsWithNetworks","decl":{"start":{"line":109,"column":22},"end":{"line":109,"column":49}},"loc":{"start":{"line":111,"column":20},"end":{"line":114,"column":1}},"line":111},"8":{"name":"requestPayment","decl":{"start":{"line":117,"column":22},"end":{"line":117,"column":36}},"loc":{"start":{"line":120,"column":26},"end":{"line":134,"column":1}},"line":120},"9":{"name":"completePayment","decl":{"start":{"line":137,"column":22},"end":{"line":137,"column":37}},"loc":{"start":{"line":137,"column":71},"end":{"line":140,"column":1}},"line":137},"10":{"name":"dismissPayment","decl":{"start":{"line":143,"column":22},"end":{"line":143,"column":36}},"loc":{"start":{"line":143,"column":54},"end":{"line":146,"column":1}},"line":143},"11":{"name":"updateShippingMethods","decl":{"start":{"line":152,"column":22},"end":{"line":152,"column":43}},"loc":{"start":{"line":155,"column":17},"end":{"line":161,"column":1}},"line":155},"12":{"name":"updateShippingMethodsWithError","decl":{"start":{"line":164,"column":22},"end":{"line":164,"column":52}},"loc":{"start":{"line":166,"column":17},"end":{"line":171,"column":1}},"line":166},"13":{"name":"getApplePayEvents","decl":{"start":{"line":176,"column":16},"end":{"line":176,"column":33}},"loc":{"start":{"line":176,"column":63},"end":{"line":186,"column":1}},"line":176}},"branchMap":{"0":{"loc":{"start":{"line":35,"column":2},"end":{"line":40,"column":3}},"type":"if","locations":[{"start":{"line":35,"column":2},"end":{"line":40,"column":3}},{"start":{},"end":{}}],"line":35},"1":{"loc":{"start":{"line":41,"column":2},"end":{"line":46,"column":3}},"type":"if","locations":[{"start":{"line":41,"column":2},"end":{"line":46,"column":3}},{"start":{},"end":{}}],"line":41},"2":{"loc":{"start":{"line":50,"column":2},"end":{"line":55,"column":3}},"type":"if","locations":[{"start":{"line":50,"column":2},"end":{"line":55,"column":3}},{"start":{},"end":{}}],"line":50},"3":{"loc":{"start":{"line":56,"column":2},"end":{"line":61,"column":3}},"type":"if","locations":[{"start":{"line":56,"column":2},"end":{"line":61,"column":3}},{"start":{},"end":{}}],"line":56},"4":{"loc":{"start":{"line":66,"column":2},"end":{"line":71,"column":3}},"type":"if","locations":[{"start":{"line":66,"column":2},"end":{"line":71,"column":3}},{"start":{},"end":{}}],"line":66},"5":{"loc":{"start":{"line":66,"column":6},"end":{"line":66,"column":49}},"type":"binary-expr","locations":[{"start":{"line":66,"column":6},"end":{"line":66,"column":27}},{"start":{"line":66,"column":31},"end":{"line":66,"column":49}}],"line":66},"6":{"loc":{"start":{"line":73,"column":4},"end":{"line":78,"column":5}},"type":"if","locations":[{"start":{"line":73,"column":4},"end":{"line":78,"column":5}},{"start":{},"end":{}}],"line":73},"7":{"loc":{"start":{"line":73,"column":8},"end":{"line":73,"column":74}},"type":"binary-expr","locations":[{"start":{"line":73,"column":8},"end":{"line":73,"column":13}},{"start":{"line":73,"column":17},"end":{"line":73,"column":47}},{"start":{"line":73,"column":51},"end":{"line":73,"column":74}}],"line":73},"8":{"loc":{"start":{"line":79,"column":4},"end":{"line":84,"column":5}},"type":"if","locations":[{"start":{"line":79,"column":4},"end":{"line":84,"column":5}},{"start":{},"end":{}}],"line":79},"9":{"loc":{"start":{"line":79,"column":8},"end":{"line":79,"column":76}},"type":"binary-expr","locations":[{"start":{"line":79,"column":8},"end":{"line":79,"column":39}},{"start":{"line":79,"column":43},"end":{"line":79,"column":76}}],"line":79},"10":{"loc":{"start":{"line":94,"column":6},"end":{"line":94,"column":71}},"type":"binary-expr","locations":[{"start":{"line":94,"column":6},"end":{"line":94,"column":28}},{"start":{"line":94,"column":32},"end":{"line":94,"column":43}},{"start":{"line":94,"column":47},"end":{"line":94,"column":71}}],"line":94},"11":{"loc":{"start":{"line":95,"column":4},"end":{"line":97,"column":5}},"type":"if","locations":[{"start":{"line":95,"column":4},"end":{"line":97,"column":5}},{"start":{},"end":{}}],"line":95},"12":{"loc":{"start":{"line":104,"column":2},"end":{"line":104,"column":53}},"type":"if","locations":[{"start":{"line":104,"column":2},"end":{"line":104,"column":53}},{"start":{},"end":{}}],"line":104},"13":{"loc":{"start":{"line":112,"column":2},"end":{"line":112,"column":65}},"type":"if","locations":[{"start":{"line":112,"column":2},"end":{"line":112,"column":65}},{"start":{},"end":{}}],"line":112},"14":{"loc":{"start":{"line":127,"column":25},"end":{"line":127,"column":69}},"type":"binary-expr","locations":[{"start":{"line":127,"column":25},"end":{"line":127,"column":49}},{"start":{"line":127,"column":53},"end":{"line":127,"column":69}}],"line":127},"15":{"loc":{"start":{"line":129,"column":8},"end":{"line":129,"column":71}},"type":"binary-expr","locations":[{"start":{"line":129,"column":8},"end":{"line":129,"column":35}},{"start":{"line":129,"column":39},"end":{"line":129,"column":71}}],"line":129},"16":{"loc":{"start":{"line":131,"column":23},"end":{"line":131,"column":52}},"type":"binary-expr","locations":[{"start":{"line":131,"column":23},"end":{"line":131,"column":46}},{"start":{"line":131,"column":50},"end":{"line":131,"column":52}}],"line":131},"17":{"loc":{"start":{"line":144,"column":2},"end":{"line":144,"column":46}},"type":"if","locations":[{"start":{"line":144,"column":2},"end":{"line":144,"column":46}},{"start":{},"end":{}}],"line":144},"18":{"loc":{"start":{"line":154,"column":2},"end":{"line":154,"column":40}},"type":"default-arg","locations":[{"start":{"line":154,"column":38},"end":{"line":154,"column":40}}],"line":154},"19":{"loc":{"start":{"line":156,"column":2},"end":{"line":156,"column":53}},"type":"if","locations":[{"start":{"line":156,"column":2},"end":{"line":156,"column":53}},{"start":{},"end":{}}],"line":156},"20":{"loc":{"start":{"line":167,"column":2},"end":{"line":167,"column":62}},"type":"if","locations":[{"start":{"line":167,"column":2},"end":{"line":167,"column":62}},{"start":{},"end":{}}],"line":167},"21":{"loc":{"start":{"line":177,"column":2},"end":{"line":177,"column":60}},"type":"if","locations":[{"start":{"line":177,"column":2},"end":{"line":177,"column":60}},{"start":{},"end":{}}],"line":177},"22":{"loc":{"start":{"line":180,"column":4},"end":{"line":184,"column":12}},"type":"cond-expr","locations":[{"start":{"line":181,"column":8},"end":{"line":183,"column":9}},{"start":{"line":184,"column":8},"end":{"line":184,"column":12}}],"line":180},"23":{"loc":{"start":{"line":180,"column":4},"end":{"line":180,"column":35}},"type":"binary-expr","locations":[{"start":{"line":180,"column":4},"end":{"line":180,"column":25}},{"start":{"line":180,"column":29},"end":{"line":180,"column":35}}],"line":180}},"s":{"0":45,"1":3,"2":3,"3":3,"4":12,"5":1,"6":11,"7":0,"8":13,"9":1,"10":1,"11":12,"12":0,"13":12,"14":11,"15":2,"16":9,"17":9,"18":0,"19":9,"20":2,"21":19,"22":4,"23":4,"24":4,"25":3,"26":1,"27":2,"28":1,"29":1,"30":9,"31":0,"32":9,"33":10,"34":9,"35":6,"36":2,"37":2,"38":0,"39":0,"40":0,"41":2,"42":0,"43":2,"44":1,"45":0,"46":0,"47":0,"48":3,"49":0,"50":3,"51":3,"52":3,"53":3},"f":{"0":45,"1":12,"2":13,"3":11,"4":19,"5":4,"6":2,"7":9,"8":10,"9":2,"10":0,"11":2,"12":0,"13":3},"b":{"0":[1,11],"1":[0,11],"2":[1,12],"3":[0,12],"4":[2,9],"5":[11,11],"6":[0,9],"7":[9,9,9],"8":[2,7],"9":[9,9],"10":[4,0,0],"11":[3,1],"12":[1,1],"13":[0,9],"14":[6,6],"15":[6,6],"16":[6,6],"17":[0,0],"18":[0],"19":[0,2],"20":[0,0],"21":[0,3],"22":[3,0],"23":[3,3]},"_coverageSchema":"1a1c01bbd47fc00a2c39e90264f33305004495a9","hash":"8817858c722ff9baff8f52119c418f91431a116b"}
}
