TN:
SF:src/index.ts
FNF:0
FNH:0
LF:0
LH:0
BRF:0
BRH:0
end_of_record
TN:
SF:src/types.ts
FN:63,(anonymous_0)
FNF:1
FNH:1
FNDA:10,(anonymous_0)
DA:68,10
DA:69,10
DA:70,10
DA:71,10
LF:4
LH:4
BRF:0
BRH:0
end_of_record
TN:
SF:src/components/ApplePayButton.tsx
FN:59,ApplePayButtonImpl
FN:72,(anonymous_1)
FN:122,dynamicStyle
FNF:3
FNH:3
FNDA:14,ApplePayButtonImpl
FNDA:3,(anonymous_1)
FNDA:9,dynamicStyle
DA:40,1
DA:70,14
DA:72,14
DA:73,3
DA:74,3
DA:75,1
DA:76,1
DA:78,2
DA:79,2
DA:80,1
DA:85,14
DA:88,9
DA:93,9
DA:94,9
DA:96,9
DA:120,1
DA:126,9
DA:133,1
LF:18
LH:18
BRDA:64,0,0,14
BRDA:65,1,0,14
BRDA:67,2,0,14
BRDA:79,3,0,1
BRDA:79,3,1,1
BRDA:85,4,0,5
BRDA:85,4,1,9
BRDA:85,5,0,14
BRDA:85,5,1,10
BRDA:88,6,0,9
BRDA:88,6,1,0
BRDA:90,7,0,0
BRDA:90,7,1,0
BRDA:93,8,0,9
BRDA:93,8,1,0
BRDA:94,9,0,0
BRDA:94,9,1,9
BRDA:98,10,0,9
BRDA:98,10,1,9
BRDA:100,11,0,9
BRDA:100,11,1,9
BRDA:105,12,0,9
BRDA:105,12,1,9
BRDA:105,12,2,3
BRDA:109,13,0,3
BRDA:109,13,1,6
BRDA:113,14,0,6
BRDA:113,14,1,0
BRDA:129,15,0,9
BRDA:129,15,1,0
BRF:30
BRH:23
end_of_record
TN:
SF:src/context/ApplePayContext.tsx
FN:71,ApplePayProvider
FN:85,(anonymous_1)
FN:89,(anonymous_2)
FN:99,(anonymous_3)
FN:106,(anonymous_4)
FN:112,(anonymous_5)
FN:122,(anonymous_6)
FN:129,(anonymous_7)
FN:136,(anonymous_8)
FN:142,(anonymous_9)
FN:143,(anonymous_10)
FN:147,(anonymous_11)
FN:155,(anonymous_12)
FN:158,(anonymous_13)
FN:166,(anonymous_14)
FN:183,(anonymous_15)
FN:194,(anonymous_16)
FN:204,(anonymous_17)
FN:218,useApplePay
FNF:19
FNH:14
FNDA:24,ApplePayProvider
FNDA:8,(anonymous_1)
FNDA:8,(anonymous_2)
FNDA:8,(anonymous_3)
FNDA:8,(anonymous_4)
FNDA:1,(anonymous_5)
FNDA:0,(anonymous_6)
FNDA:0,(anonymous_7)
FNDA:0,(anonymous_8)
FNDA:8,(anonymous_9)
FNDA:1,(anonymous_10)
FNDA:12,(anonymous_11)
FNDA:8,(anonymous_12)
FNDA:4,(anonymous_13)
FNDA:0,(anonymous_14)
FNDA:2,(anonymous_15)
FNDA:0,(anonymous_16)
FNDA:23,(anonymous_17)
FNDA:27,useApplePay
DA:28,2
DA:29,2
DA:49,2
DA:77,24
DA:78,24
DA:79,24
DA:81,24
DA:82,24
DA:85,24
DA:86,8
DA:87,8
DA:89,8
DA:90,8
DA:91,8
DA:92,6
DA:94,1
DA:96,7
DA:99,8
DA:100,8
DA:106,24
DA:107,8
DA:108,8
DA:113,1
DA:114,1
DA:115,1
DA:121,0
DA:122,0
DA:130,0
DA:131,0
DA:132,0
DA:134,0
DA:142,8
DA:143,8
DA:147,24
DA:148,12
DA:149,2
DA:150,2
DA:155,24
DA:157,24
DA:162,4
DA:163,4
DA:164,4
DA:165,2
DA:166,2
DA:167,0
DA:170,0
DA:172,2
DA:174,2
DA:175,2
DA:182,24
DA:184,2
DA:185,2
DA:186,2
DA:188,2
DA:194,24
DA:195,0
DA:196,0
DA:197,0
DA:199,0
DA:203,24
DA:204,23
DA:208,24
DA:219,27
DA:220,26
DA:221,2
DA:223,24
LF:66
LH:54
BRDA:81,0,0,24
BRDA:81,0,1,24
BRDA:87,1,0,8
BRDA:87,1,1,8
BRDA:92,2,0,6
BRDA:92,2,1,0
BRDA:94,3,0,1
BRDA:94,3,1,0
BRDA:96,4,0,7
BRDA:96,4,1,0
BRDA:107,5,0,0
BRDA:107,5,1,8
BRDA:109,6,0,8
BRDA:109,6,1,1
BRDA:117,7,0,1
BRDA:117,7,1,0
BRDA:121,8,0,0
BRDA:121,8,1,0
BRDA:126,9,0,8
BRDA:126,9,1,0
BRDA:143,10,0,1
BRDA:143,10,1,1
BRDA:148,11,0,2
BRDA:148,11,1,10
BRDA:220,12,0,2
BRDA:220,12,1,24
BRF:26
BRH:18
end_of_record
TN:
SF:src/native/ApplePayModule.ts
FN:26,getNative
FN:34,assertIOSOrThrow
FN:49,softGuardIOS
FN:65,validateItems
FN:88,wrapNative
FN:89,(anonymous_5)
FN:103,canMakePayments
FN:109,canMakePaymentsWithNetworks
FN:117,requestPayment
FN:137,completePayment
FN:143,dismissPayment
FN:152,updateShippingMethods
FN:164,updateShippingMethodsWithError
FN:176,getApplePayEvents
FNF:14
FNH:12
FNDA:45,getNative
FNDA:12,assertIOSOrThrow
FNDA:13,softGuardIOS
FNDA:11,validateItems
FNDA:19,wrapNative
FNDA:4,(anonymous_5)
FNDA:2,canMakePayments
FNDA:9,canMakePaymentsWithNetworks
FNDA:10,requestPayment
FNDA:2,completePayment
FNDA:0,dismissPayment
FNDA:2,updateShippingMethods
FNDA:0,updateShippingMethodsWithError
FNDA:3,getApplePayEvents
DA:27,45
DA:30,3
DA:31,3
DA:32,3
DA:35,12
DA:36,1
DA:41,11
DA:42,0
DA:50,13
DA:51,1
DA:54,1
DA:56,12
DA:57,0
DA:62,12
DA:66,11
DA:67,2
DA:72,9
DA:73,9
DA:74,0
DA:79,9
DA:80,2
DA:89,19
DA:90,4
DA:94,4
DA:95,4
DA:96,3
DA:98,1
DA:104,2
DA:105,1
DA:112,9
DA:113,9
DA:121,10
DA:122,9
DA:124,6
DA:138,2
DA:139,2
DA:144,0
DA:145,0
DA:156,2
DA:157,2
DA:158,1
DA:167,0
DA:168,0
DA:177,3
DA:178,3
DA:179,3
DA:185,3
DA:189,3
LF:48
LH:41
BRDA:35,0,0,1
BRDA:35,0,1,11
BRDA:41,1,0,0
BRDA:41,1,1,11
BRDA:50,2,0,1
BRDA:50,2,1,12
BRDA:56,3,0,0
BRDA:56,3,1,12
BRDA:66,4,0,2
BRDA:66,4,1,9
BRDA:66,5,0,11
BRDA:66,5,1,11
BRDA:73,6,0,0
BRDA:73,6,1,9
BRDA:73,7,0,9
BRDA:73,7,1,9
BRDA:73,7,2,9
BRDA:79,8,0,2
BRDA:79,8,1,7
BRDA:79,9,0,9
BRDA:79,9,1,9
BRDA:94,10,0,4
BRDA:94,10,1,0
BRDA:94,10,2,0
BRDA:95,11,0,3
BRDA:95,11,1,1
BRDA:104,12,0,1
BRDA:104,12,1,1
BRDA:112,13,0,0
BRDA:112,13,1,9
BRDA:127,14,0,6
BRDA:127,14,1,6
BRDA:129,15,0,6
BRDA:129,15,1,6
BRDA:131,16,0,6
BRDA:131,16,1,6
BRDA:144,17,0,0
BRDA:144,17,1,0
BRDA:154,18,0,0
BRDA:156,19,0,0
BRDA:156,19,1,2
BRDA:167,20,0,0
BRDA:167,20,1,0
BRDA:177,21,0,0
BRDA:177,21,1,3
BRDA:180,22,0,3
BRDA:180,22,1,0
BRDA:180,23,0,3
BRDA:180,23,1,3
BRF:49
BRH:35
end_of_record
